[0.000000] (-) TimerEvent: {}
[0.000576] (-) JobUnselected: {'identifier': 'aggregator'}
[0.000717] (-) JobUnselected: {'identifier': 'aggregator'}
[0.000772] (-) JobUnselected: {'identifier': 'bringup_robot'}
[0.000809] (-) JobUnselected: {'identifier': 'control'}
[0.000844] (-) JobUnselected: {'identifier': 'gazebo'}
[0.000882] (-) JobUnselected: {'identifier': 'map_memory'}
[0.000910] (-) JobUnselected: {'identifier': 'odometry_spoof'}
[0.000940] (-) JobUnselected: {'identifier': 'planner'}
[0.000968] (-) JobUnselected: {'identifier': 'producer'}
[0.000998] (-) JobUnselected: {'identifier': 'producer'}
[0.001028] (-) JobUnselected: {'identifier': 'sample_msgs'}
[0.001057] (-) JobUnselected: {'identifier': 'sample_msgs'}
[0.001086] (-) JobUnselected: {'identifier': 'transformer'}
[0.001113] (-) JobUnselected: {'identifier': 'transformer'}
[0.001149] (costmap) JobQueued: {'identifier': 'costmap', 'dependencies': OrderedDict()}
[0.002635] (costmap) JobStarted: {'identifier': 'costmap'}
[0.099030] (-) TimerEvent: {}
[0.103923] (costmap) JobProgress: {'identifier': 'costmap', 'progress': 'cmake'}
[0.109864] (costmap) StderrLine: {'line': b'Traceback (most recent call last):\n  File "/usr/lib/python3/dist-packages/colcon_core/executor/__init__.py", line 91, in __call__\n    rc = await self.task(*args, **kwargs)\n         ^^^^^^^^^^^^^^^^^^^^^^^^^^^^^^^^\n  File "/usr/lib/python3/dist-packages/colcon_core/task/__init__.py", line 93, in __call__\n    return await task_method(*args, **kwargs)\n           ^^^^^^^^^^^^^^^^^^^^^^^^^^^^^^^^^^\n  File "/usr/lib/python3/dist-packages/colcon_ros/task/ament_cmake/build.py", line 59, in build\n    rc = await extension.build(\n         ^^^^^^^^^^^^^^^^^^^^^^\n  File "/usr/lib/python3/dist-packages/colcon_cmake/task/cmake/build.py", line 87, in build\n    rc = await self._reconfigure(args, env)\n         ^^^^^^^^^^^^^^^^^^^^^^^^^^^^^^^^^^\n  File "/usr/lib/python3/dist-packages/colcon_cmake/task/cmake/build.py", line 173, in _reconfigure\n    raise RuntimeError("Could not find \'cmake\' executable")\nRuntimeError: Could not find \'cmake\' executable\n'}
[0.111997] (costmap) JobEnded: {'identifier': 'costmap', 'rc': 1}
[0.121211] (-) EventReactorShutdown: {}
