[0.000000] (-) TimerEvent: {}
[0.002363] (-) JobUnselected: {'identifier': 'aggregator'}
[0.002626] (-) JobUnselected: {'identifier': 'aggregator'}
[0.002686] (-) JobUnselected: {'identifier': 'bringup_robot'}
[0.002750] (-) JobUnselected: {'identifier': 'control'}
[0.002793] (-) JobUnselected: {'identifier': 'gazebo'}
[0.002827] (-) JobUnselected: {'identifier': 'map_memory'}
[0.002858] (-) JobUnselected: {'identifier': 'odometry_spoof'}
[0.002889] (-) JobUnselected: {'identifier': 'planner'}
[0.002919] (-) JobUnselected: {'identifier': 'producer'}
[0.002948] (-) JobUnselected: {'identifier': 'producer'}
[0.002978] (-) JobUnselected: {'identifier': 'sample_msgs'}
[0.003010] (-) JobUnselected: {'identifier': 'sample_msgs'}
[0.003039] (-) JobUnselected: {'identifier': 'transformer'}
[0.003074] (-) JobUnselected: {'identifier': 'transformer'}
[0.003111] (costmap) JobQueued: {'identifier': 'costmap', 'dependencies': OrderedDict()}
[0.005851] (costmap) JobStarted: {'identifier': 'costmap'}
[0.099663] (costmap) JobProgress: {'identifier': 'costmap', 'progress': 'cmake'}
[0.099871] (-) TimerEvent: {}
[0.105786] (costmap) StderrLine: {'line': b'Traceback (most recent call last):\n  File "/usr/lib/python3/dist-packages/colcon_core/executor/__init__.py", line 91, in __call__\n    rc = await self.task(*args, **kwargs)\n         ^^^^^^^^^^^^^^^^^^^^^^^^^^^^^^^^\n  File "/usr/lib/python3/dist-packages/colcon_core/task/__init__.py", line 93, in __call__\n    return await task_method(*args, **kwargs)\n           ^^^^^^^^^^^^^^^^^^^^^^^^^^^^^^^^^^\n  File "/usr/lib/python3/dist-packages/colcon_ros/task/ament_cmake/build.py", line 59, in build\n    rc = await extension.build(\n         ^^^^^^^^^^^^^^^^^^^^^^\n  File "/usr/lib/python3/dist-packages/colcon_cmake/task/cmake/build.py", line 87, in build\n    rc = await self._reconfigure(args, env)\n         ^^^^^^^^^^^^^^^^^^^^^^^^^^^^^^^^^^\n  File "/usr/lib/python3/dist-packages/colcon_cmake/task/cmake/build.py", line 173, in _reconfigure\n    raise RuntimeError("Could not find \'cmake\' executable")\nRuntimeError: Could not find \'cmake\' executable\n'}
[0.107797] (costmap) JobEnded: {'identifier': 'costmap', 'rc': 1}
[0.117201] (-) EventReactorShutdown: {}
