[1.193s] DEBUG:colcon:Command line arguments: ['/usr/bin/colcon', 'build', '--cmake-clean-cache']
[1.193s] DEBUG:colcon:Parsed command line arguments: Namespace(log_base=None, log_level=None, verb_name='build', build_base='build', install_base='install', merge_install=False, symlink_install=False, test_result_base=None, continue_on_error=False, executor='parallel', parallel_workers=20, event_handlers=None, ignore_user_meta=False, metas=['./colcon.meta'], base_paths=['.'], packages_ignore=None, packages_ignore_regex=None, paths=None, packages_up_to=None, packages_up_to_regex=None, packages_above=None, packages_above_and_dependencies=None, packages_above_depth=None, packages_select_by_dep=None, packages_skip_by_dep=None, packages_skip_up_to=None, packages_select_build_failed=False, packages_skip_build_finished=False, packages_select_test_failures=False, packages_skip_test_passed=False, packages_select=None, packages_skip=None, packages_select_regex=None, packages_skip_regex=None, packages_start=None, packages_end=None, cmake_args=None, cmake_target=None, cmake_target_skip_unavailable=False, cmake_clean_cache=True, cmake_clean_first=False, cmake_force_configure=False, ament_cmake_args=None, catkin_cmake_args=None, catkin_skip_building_tests=False, verb_parser=<colcon_defaults.argument_parser.defaults.DefaultArgumentsDecorator object at 0x7c375fceb9b0>, verb_extension=<colcon_core.verb.build.BuildVerb object at 0x7c375ff57a40>, main=<bound method BuildVerb.main of <colcon_core.verb.build.BuildVerb object at 0x7c375ff57a40>>)
[1.300s] Level 1:colcon.colcon_core.package_discovery:discover_packages(colcon_meta) check parameters
[1.300s] Level 1:colcon.colcon_core.package_discovery:discover_packages(recursive) check parameters
[1.301s] Level 1:colcon.colcon_core.package_discovery:discover_packages(ignore) check parameters
[1.301s] Level 1:colcon.colcon_core.package_discovery:discover_packages(path) check parameters
[1.301s] Level 1:colcon.colcon_core.package_discovery:discover_packages(colcon_meta) discover
[1.301s] Level 1:colcon.colcon_core.package_discovery:discover_packages(recursive) discover
[1.301s] INFO:colcon.colcon_core.package_discovery:Crawling recursively for packages in '/home/milind/wato_asd_training'
[1.301s] Level 1:colcon.colcon_core.package_identification:_identify(.) by extensions ['ignore', 'ignore_ament_install']
[1.302s] Level 1:colcon.colcon_core.package_identification:_identify(.) by extension 'ignore'
[1.302s] Level 1:colcon.colcon_core.package_identification:_identify(.) by extension 'ignore_ament_install'
[1.302s] Level 1:colcon.colcon_core.package_identification:_identify(.) by extensions ['colcon_pkg']
[1.302s] Level 1:colcon.colcon_core.package_identification:_identify(.) by extension 'colcon_pkg'
[1.302s] Level 1:colcon.colcon_core.package_identification:_identify(.) by extensions ['colcon_meta']
[1.302s] Level 1:colcon.colcon_core.package_identification:_identify(.) by extension 'colcon_meta'
[1.303s] Level 1:colcon.colcon_core.package_identification:_identify(.) by extensions ['ros']
[1.303s] Level 1:colcon.colcon_core.package_identification:_identify(.) by extension 'ros'
[1.399s] Level 1:colcon.colcon_core.package_identification:_identify(.) by extensions ['cmake', 'python']
[1.400s] Level 1:colcon.colcon_core.package_identification:_identify(.) by extension 'cmake'
[1.400s] Level 1:colcon.colcon_core.package_identification:_identify(.) by extension 'python'
[1.400s] Level 1:colcon.colcon_core.package_identification:_identify(.) by extensions ['python_setup_py']
[1.400s] Level 1:colcon.colcon_core.package_identification:_identify(.) by extension 'python_setup_py'
[1.400s] Level 1:colcon.colcon_core.package_identification:_identify(build) by extensions ['ignore', 'ignore_ament_install']
[1.401s] Level 1:colcon.colcon_core.package_identification:_identify(build) by extension 'ignore'
[1.401s] Level 1:colcon.colcon_core.package_identification:_identify(build) ignored
[1.401s] Level 1:colcon.colcon_core.package_identification:_identify(config) by extensions ['ignore', 'ignore_ament_install']
[1.401s] Level 1:colcon.colcon_core.package_identification:_identify(config) by extension 'ignore'
[1.402s] Level 1:colcon.colcon_core.package_identification:_identify(config) by extension 'ignore_ament_install'
[1.402s] Level 1:colcon.colcon_core.package_identification:_identify(config) by extensions ['colcon_pkg']
[1.402s] Level 1:colcon.colcon_core.package_identification:_identify(config) by extension 'colcon_pkg'
[1.402s] Level 1:colcon.colcon_core.package_identification:_identify(config) by extensions ['colcon_meta']
[1.402s] Level 1:colcon.colcon_core.package_identification:_identify(config) by extension 'colcon_meta'
[1.402s] Level 1:colcon.colcon_core.package_identification:_identify(config) by extensions ['ros']
[1.402s] Level 1:colcon.colcon_core.package_identification:_identify(config) by extension 'ros'
[1.403s] Level 1:colcon.colcon_core.package_identification:_identify(config) by extensions ['cmake', 'python']
[1.403s] Level 1:colcon.colcon_core.package_identification:_identify(config) by extension 'cmake'
[1.403s] Level 1:colcon.colcon_core.package_identification:_identify(config) by extension 'python'
[1.403s] Level 1:colcon.colcon_core.package_identification:_identify(config) by extensions ['python_setup_py']
[1.403s] Level 1:colcon.colcon_core.package_identification:_identify(config) by extension 'python_setup_py'
[1.403s] Level 1:colcon.colcon_core.package_identification:_identify(docker) by extensions ['ignore', 'ignore_ament_install']
[1.403s] Level 1:colcon.colcon_core.package_identification:_identify(docker) by extension 'ignore'
[1.403s] Level 1:colcon.colcon_core.package_identification:_identify(docker) by extension 'ignore_ament_install'
[1.404s] Level 1:colcon.colcon_core.package_identification:_identify(docker) by extensions ['colcon_pkg']
[1.404s] Level 1:colcon.colcon_core.package_identification:_identify(docker) by extension 'colcon_pkg'
[1.404s] Level 1:colcon.colcon_core.package_identification:_identify(docker) by extensions ['colcon_meta']
[1.404s] Level 1:colcon.colcon_core.package_identification:_identify(docker) by extension 'colcon_meta'
[1.404s] Level 1:colcon.colcon_core.package_identification:_identify(docker) by extensions ['ros']
[1.404s] Level 1:colcon.colcon_core.package_identification:_identify(docker) by extension 'ros'
[1.404s] Level 1:colcon.colcon_core.package_identification:_identify(docker) by extensions ['cmake', 'python']
[1.404s] Level 1:colcon.colcon_core.package_identification:_identify(docker) by extension 'cmake'
[1.404s] Level 1:colcon.colcon_core.package_identification:_identify(docker) by extension 'python'
[1.404s] Level 1:colcon.colcon_core.package_identification:_identify(docker) by extensions ['python_setup_py']
[1.405s] Level 1:colcon.colcon_core.package_identification:_identify(docker) by extension 'python_setup_py'
[1.405s] Level 1:colcon.colcon_core.package_identification:_identify(docker/gazebo) by extensions ['ignore', 'ignore_ament_install']
[1.405s] Level 1:colcon.colcon_core.package_identification:_identify(docker/gazebo) by extension 'ignore'
[1.405s] Level 1:colcon.colcon_core.package_identification:_identify(docker/gazebo) by extension 'ignore_ament_install'
[1.405s] Level 1:colcon.colcon_core.package_identification:_identify(docker/gazebo) by extensions ['colcon_pkg']
[1.405s] Level 1:colcon.colcon_core.package_identification:_identify(docker/gazebo) by extension 'colcon_pkg'
[1.406s] Level 1:colcon.colcon_core.package_identification:_identify(docker/gazebo) by extensions ['colcon_meta']
[1.406s] Level 1:colcon.colcon_core.package_identification:_identify(docker/gazebo) by extension 'colcon_meta'
[1.406s] Level 1:colcon.colcon_core.package_identification:_identify(docker/gazebo) by extensions ['ros']
[1.406s] Level 1:colcon.colcon_core.package_identification:_identify(docker/gazebo) by extension 'ros'
[1.406s] Level 1:colcon.colcon_core.package_identification:_identify(docker/gazebo) by extensions ['cmake', 'python']
[1.406s] Level 1:colcon.colcon_core.package_identification:_identify(docker/gazebo) by extension 'cmake'
[1.406s] Level 1:colcon.colcon_core.package_identification:_identify(docker/gazebo) by extension 'python'
[1.406s] Level 1:colcon.colcon_core.package_identification:_identify(docker/gazebo) by extensions ['python_setup_py']
[1.406s] Level 1:colcon.colcon_core.package_identification:_identify(docker/gazebo) by extension 'python_setup_py'
[1.406s] Level 1:colcon.colcon_core.package_identification:_identify(docker/robot) by extensions ['ignore', 'ignore_ament_install']
[1.407s] Level 1:colcon.colcon_core.package_identification:_identify(docker/robot) by extension 'ignore'
[1.407s] Level 1:colcon.colcon_core.package_identification:_identify(docker/robot) by extension 'ignore_ament_install'
[1.407s] Level 1:colcon.colcon_core.package_identification:_identify(docker/robot) by extensions ['colcon_pkg']
[1.407s] Level 1:colcon.colcon_core.package_identification:_identify(docker/robot) by extension 'colcon_pkg'
[1.407s] Level 1:colcon.colcon_core.package_identification:_identify(docker/robot) by extensions ['colcon_meta']
[1.407s] Level 1:colcon.colcon_core.package_identification:_identify(docker/robot) by extension 'colcon_meta'
[1.407s] Level 1:colcon.colcon_core.package_identification:_identify(docker/robot) by extensions ['ros']
[1.407s] Level 1:colcon.colcon_core.package_identification:_identify(docker/robot) by extension 'ros'
[1.408s] Level 1:colcon.colcon_core.package_identification:_identify(docker/robot) by extensions ['cmake', 'python']
[1.408s] Level 1:colcon.colcon_core.package_identification:_identify(docker/robot) by extension 'cmake'
[1.408s] Level 1:colcon.colcon_core.package_identification:_identify(docker/robot) by extension 'python'
[1.408s] Level 1:colcon.colcon_core.package_identification:_identify(docker/robot) by extensions ['python_setup_py']
[1.408s] Level 1:colcon.colcon_core.package_identification:_identify(docker/robot) by extension 'python_setup_py'
[1.408s] Level 1:colcon.colcon_core.package_identification:_identify(docker/samples) by extensions ['ignore', 'ignore_ament_install']
[1.408s] Level 1:colcon.colcon_core.package_identification:_identify(docker/samples) by extension 'ignore'
[1.409s] Level 1:colcon.colcon_core.package_identification:_identify(docker/samples) by extension 'ignore_ament_install'
[1.409s] Level 1:colcon.colcon_core.package_identification:_identify(docker/samples) by extensions ['colcon_pkg']
[1.409s] Level 1:colcon.colcon_core.package_identification:_identify(docker/samples) by extension 'colcon_pkg'
[1.409s] Level 1:colcon.colcon_core.package_identification:_identify(docker/samples) by extensions ['colcon_meta']
[1.409s] Level 1:colcon.colcon_core.package_identification:_identify(docker/samples) by extension 'colcon_meta'
[1.409s] Level 1:colcon.colcon_core.package_identification:_identify(docker/samples) by extensions ['ros']
[1.409s] Level 1:colcon.colcon_core.package_identification:_identify(docker/samples) by extension 'ros'
[1.409s] Level 1:colcon.colcon_core.package_identification:_identify(docker/samples) by extensions ['cmake', 'python']
[1.410s] Level 1:colcon.colcon_core.package_identification:_identify(docker/samples) by extension 'cmake'
[1.410s] Level 1:colcon.colcon_core.package_identification:_identify(docker/samples) by extension 'python'
[1.410s] Level 1:colcon.colcon_core.package_identification:_identify(docker/samples) by extensions ['python_setup_py']
[1.410s] Level 1:colcon.colcon_core.package_identification:_identify(docker/samples) by extension 'python_setup_py'
[1.410s] Level 1:colcon.colcon_core.package_identification:_identify(docker/vis_tools) by extensions ['ignore', 'ignore_ament_install']
[1.410s] Level 1:colcon.colcon_core.package_identification:_identify(docker/vis_tools) by extension 'ignore'
[1.410s] Level 1:colcon.colcon_core.package_identification:_identify(docker/vis_tools) by extension 'ignore_ament_install'
[1.411s] Level 1:colcon.colcon_core.package_identification:_identify(docker/vis_tools) by extensions ['colcon_pkg']
[1.411s] Level 1:colcon.colcon_core.package_identification:_identify(docker/vis_tools) by extension 'colcon_pkg'
[1.411s] Level 1:colcon.colcon_core.package_identification:_identify(docker/vis_tools) by extensions ['colcon_meta']
[1.411s] Level 1:colcon.colcon_core.package_identification:_identify(docker/vis_tools) by extension 'colcon_meta'
[1.411s] Level 1:colcon.colcon_core.package_identification:_identify(docker/vis_tools) by extensions ['ros']
[1.411s] Level 1:colcon.colcon_core.package_identification:_identify(docker/vis_tools) by extension 'ros'
[1.411s] Level 1:colcon.colcon_core.package_identification:_identify(docker/vis_tools) by extensions ['cmake', 'python']
[1.411s] Level 1:colcon.colcon_core.package_identification:_identify(docker/vis_tools) by extension 'cmake'
[1.411s] Level 1:colcon.colcon_core.package_identification:_identify(docker/vis_tools) by extension 'python'
[1.411s] Level 1:colcon.colcon_core.package_identification:_identify(docker/vis_tools) by extensions ['python_setup_py']
[1.412s] Level 1:colcon.colcon_core.package_identification:_identify(docker/vis_tools) by extension 'python_setup_py'
[1.412s] Level 1:colcon.colcon_core.package_identification:_identify(install) by extensions ['ignore', 'ignore_ament_install']
[1.412s] Level 1:colcon.colcon_core.package_identification:_identify(install) by extension 'ignore'
[1.412s] Level 1:colcon.colcon_core.package_identification:_identify(install) ignored
[1.412s] Level 1:colcon.colcon_core.package_identification:_identify(log) by extensions ['ignore', 'ignore_ament_install']
[1.413s] Level 1:colcon.colcon_core.package_identification:_identify(log) by extension 'ignore'
[1.413s] Level 1:colcon.colcon_core.package_identification:_identify(log) ignored
[1.413s] Level 1:colcon.colcon_core.package_identification:_identify(modules) by extensions ['ignore', 'ignore_ament_install']
[1.414s] Level 1:colcon.colcon_core.package_identification:_identify(modules) by extension 'ignore'
[1.414s] Level 1:colcon.colcon_core.package_identification:_identify(modules) by extension 'ignore_ament_install'
[1.414s] Level 1:colcon.colcon_core.package_identification:_identify(modules) by extensions ['colcon_pkg']
[1.414s] Level 1:colcon.colcon_core.package_identification:_identify(modules) by extension 'colcon_pkg'
[1.414s] Level 1:colcon.colcon_core.package_identification:_identify(modules) by extensions ['colcon_meta']
[1.414s] Level 1:colcon.colcon_core.package_identification:_identify(modules) by extension 'colcon_meta'
[1.414s] Level 1:colcon.colcon_core.package_identification:_identify(modules) by extensions ['ros']
[1.414s] Level 1:colcon.colcon_core.package_identification:_identify(modules) by extension 'ros'
[1.414s] Level 1:colcon.colcon_core.package_identification:_identify(modules) by extensions ['cmake', 'python']
[1.414s] Level 1:colcon.colcon_core.package_identification:_identify(modules) by extension 'cmake'
[1.415s] Level 1:colcon.colcon_core.package_identification:_identify(modules) by extension 'python'
[1.415s] Level 1:colcon.colcon_core.package_identification:_identify(modules) by extensions ['python_setup_py']
[1.415s] Level 1:colcon.colcon_core.package_identification:_identify(modules) by extension 'python_setup_py'
[1.415s] Level 1:colcon.colcon_core.package_identification:_identify(src) by extensions ['ignore', 'ignore_ament_install']
[1.415s] Level 1:colcon.colcon_core.package_identification:_identify(src) by extension 'ignore'
[1.415s] Level 1:colcon.colcon_core.package_identification:_identify(src) by extension 'ignore_ament_install'
[1.415s] Level 1:colcon.colcon_core.package_identification:_identify(src) by extensions ['colcon_pkg']
[1.415s] Level 1:colcon.colcon_core.package_identification:_identify(src) by extension 'colcon_pkg'
[1.415s] Level 1:colcon.colcon_core.package_identification:_identify(src) by extensions ['colcon_meta']
[1.415s] Level 1:colcon.colcon_core.package_identification:_identify(src) by extension 'colcon_meta'
[1.415s] Level 1:colcon.colcon_core.package_identification:_identify(src) by extensions ['ros']
[1.415s] Level 1:colcon.colcon_core.package_identification:_identify(src) by extension 'ros'
[1.416s] Level 1:colcon.colcon_core.package_identification:_identify(src) by extensions ['cmake', 'python']
[1.416s] Level 1:colcon.colcon_core.package_identification:_identify(src) by extension 'cmake'
[1.416s] Level 1:colcon.colcon_core.package_identification:_identify(src) by extension 'python'
[1.416s] Level 1:colcon.colcon_core.package_identification:_identify(src) by extensions ['python_setup_py']
[1.416s] Level 1:colcon.colcon_core.package_identification:_identify(src) by extension 'python_setup_py'
[1.416s] Level 1:colcon.colcon_core.package_identification:_identify(src/gazebo) by extensions ['ignore', 'ignore_ament_install']
[1.416s] Level 1:colcon.colcon_core.package_identification:_identify(src/gazebo) by extension 'ignore'
[1.417s] Level 1:colcon.colcon_core.package_identification:_identify(src/gazebo) by extension 'ignore_ament_install'
[1.417s] Level 1:colcon.colcon_core.package_identification:_identify(src/gazebo) by extensions ['colcon_pkg']
[1.417s] Level 1:colcon.colcon_core.package_identification:_identify(src/gazebo) by extension 'colcon_pkg'
[1.417s] Level 1:colcon.colcon_core.package_identification:_identify(src/gazebo) by extensions ['colcon_meta']
[1.417s] Level 1:colcon.colcon_core.package_identification:_identify(src/gazebo) by extension 'colcon_meta'
[1.417s] Level 1:colcon.colcon_core.package_identification:_identify(src/gazebo) by extensions ['ros']
[1.417s] Level 1:colcon.colcon_core.package_identification:_identify(src/gazebo) by extension 'ros'
[1.424s] DEBUG:colcon.colcon_core.package_identification:Package 'src/gazebo' with type 'ros.ament_cmake' and name 'gazebo'
[1.424s] Level 1:colcon.colcon_core.package_identification:_identify(src/robot) by extensions ['ignore', 'ignore_ament_install']
[1.424s] Level 1:colcon.colcon_core.package_identification:_identify(src/robot) by extension 'ignore'
[1.424s] Level 1:colcon.colcon_core.package_identification:_identify(src/robot) by extension 'ignore_ament_install'
[1.424s] Level 1:colcon.colcon_core.package_identification:_identify(src/robot) by extensions ['colcon_pkg']
[1.424s] Level 1:colcon.colcon_core.package_identification:_identify(src/robot) by extension 'colcon_pkg'
[1.425s] Level 1:colcon.colcon_core.package_identification:_identify(src/robot) by extensions ['colcon_meta']
[1.425s] Level 1:colcon.colcon_core.package_identification:_identify(src/robot) by extension 'colcon_meta'
[1.425s] Level 1:colcon.colcon_core.package_identification:_identify(src/robot) by extensions ['ros']
[1.425s] Level 1:colcon.colcon_core.package_identification:_identify(src/robot) by extension 'ros'
[1.425s] Level 1:colcon.colcon_core.package_identification:_identify(src/robot) by extensions ['cmake', 'python']
[1.425s] Level 1:colcon.colcon_core.package_identification:_identify(src/robot) by extension 'cmake'
[1.425s] Level 1:colcon.colcon_core.package_identification:_identify(src/robot) by extension 'python'
[1.425s] Level 1:colcon.colcon_core.package_identification:_identify(src/robot) by extensions ['python_setup_py']
[1.425s] Level 1:colcon.colcon_core.package_identification:_identify(src/robot) by extension 'python_setup_py'
[1.425s] Level 1:colcon.colcon_core.package_identification:_identify(src/robot/bringup_robot) by extensions ['ignore', 'ignore_ament_install']
[1.426s] Level 1:colcon.colcon_core.package_identification:_identify(src/robot/bringup_robot) by extension 'ignore'
[1.426s] Level 1:colcon.colcon_core.package_identification:_identify(src/robot/bringup_robot) by extension 'ignore_ament_install'
[1.426s] Level 1:colcon.colcon_core.package_identification:_identify(src/robot/bringup_robot) by extensions ['colcon_pkg']
[1.426s] Level 1:colcon.colcon_core.package_identification:_identify(src/robot/bringup_robot) by extension 'colcon_pkg'
[1.426s] Level 1:colcon.colcon_core.package_identification:_identify(src/robot/bringup_robot) by extensions ['colcon_meta']
[1.426s] Level 1:colcon.colcon_core.package_identification:_identify(src/robot/bringup_robot) by extension 'colcon_meta'
[1.426s] Level 1:colcon.colcon_core.package_identification:_identify(src/robot/bringup_robot) by extensions ['ros']
[1.426s] Level 1:colcon.colcon_core.package_identification:_identify(src/robot/bringup_robot) by extension 'ros'
[1.427s] DEBUG:colcon.colcon_core.package_identification:Package 'src/robot/bringup_robot' with type 'ros.ament_cmake' and name 'bringup_robot'
[1.428s] Level 1:colcon.colcon_core.package_identification:_identify(src/robot/control) by extensions ['ignore', 'ignore_ament_install']
[1.428s] Level 1:colcon.colcon_core.package_identification:_identify(src/robot/control) by extension 'ignore'
[1.428s] Level 1:colcon.colcon_core.package_identification:_identify(src/robot/control) by extension 'ignore_ament_install'
[1.428s] Level 1:colcon.colcon_core.package_identification:_identify(src/robot/control) by extensions ['colcon_pkg']
[1.428s] Level 1:colcon.colcon_core.package_identification:_identify(src/robot/control) by extension 'colcon_pkg'
[1.428s] Level 1:colcon.colcon_core.package_identification:_identify(src/robot/control) by extensions ['colcon_meta']
[1.428s] Level 1:colcon.colcon_core.package_identification:_identify(src/robot/control) by extension 'colcon_meta'
[1.428s] Level 1:colcon.colcon_core.package_identification:_identify(src/robot/control) by extensions ['ros']
[1.428s] Level 1:colcon.colcon_core.package_identification:_identify(src/robot/control) by extension 'ros'
[1.430s] DEBUG:colcon.colcon_core.package_identification:Package 'src/robot/control' with type 'ros.ament_cmake' and name 'control'
[1.430s] Level 1:colcon.colcon_core.package_identification:_identify(src/robot/costmap) by extensions ['ignore', 'ignore_ament_install']
[1.430s] Level 1:colcon.colcon_core.package_identification:_identify(src/robot/costmap) by extension 'ignore'
[1.430s] Level 1:colcon.colcon_core.package_identification:_identify(src/robot/costmap) by extension 'ignore_ament_install'
[1.430s] Level 1:colcon.colcon_core.package_identification:_identify(src/robot/costmap) by extensions ['colcon_pkg']
[1.431s] Level 1:colcon.colcon_core.package_identification:_identify(src/robot/costmap) by extension 'colcon_pkg'
[1.431s] Level 1:colcon.colcon_core.package_identification:_identify(src/robot/costmap) by extensions ['colcon_meta']
[1.431s] Level 1:colcon.colcon_core.package_identification:_identify(src/robot/costmap) by extension 'colcon_meta'
[1.431s] Level 1:colcon.colcon_core.package_identification:_identify(src/robot/costmap) by extensions ['ros']
[1.431s] Level 1:colcon.colcon_core.package_identification:_identify(src/robot/costmap) by extension 'ros'
[1.432s] DEBUG:colcon.colcon_core.package_identification:Package 'src/robot/costmap' with type 'ros.ament_cmake' and name 'costmap'
[1.432s] Level 1:colcon.colcon_core.package_identification:_identify(src/robot/map_memory) by extensions ['ignore', 'ignore_ament_install']
[1.432s] Level 1:colcon.colcon_core.package_identification:_identify(src/robot/map_memory) by extension 'ignore'
[1.432s] Level 1:colcon.colcon_core.package_identification:_identify(src/robot/map_memory) by extension 'ignore_ament_install'
[1.432s] Level 1:colcon.colcon_core.package_identification:_identify(src/robot/map_memory) by extensions ['colcon_pkg']
[1.432s] Level 1:colcon.colcon_core.package_identification:_identify(src/robot/map_memory) by extension 'colcon_pkg'
[1.432s] Level 1:colcon.colcon_core.package_identification:_identify(src/robot/map_memory) by extensions ['colcon_meta']
[1.433s] Level 1:colcon.colcon_core.package_identification:_identify(src/robot/map_memory) by extension 'colcon_meta'
[1.433s] Level 1:colcon.colcon_core.package_identification:_identify(src/robot/map_memory) by extensions ['ros']
[1.433s] Level 1:colcon.colcon_core.package_identification:_identify(src/robot/map_memory) by extension 'ros'
[1.433s] DEBUG:colcon.colcon_core.package_identification:Package 'src/robot/map_memory' with type 'ros.ament_cmake' and name 'map_memory'
[1.434s] Level 1:colcon.colcon_core.package_identification:_identify(src/robot/odometry_spoof) by extensions ['ignore', 'ignore_ament_install']
[1.434s] Level 1:colcon.colcon_core.package_identification:_identify(src/robot/odometry_spoof) by extension 'ignore'
[1.434s] Level 1:colcon.colcon_core.package_identification:_identify(src/robot/odometry_spoof) by extension 'ignore_ament_install'
[1.434s] Level 1:colcon.colcon_core.package_identification:_identify(src/robot/odometry_spoof) by extensions ['colcon_pkg']
[1.434s] Level 1:colcon.colcon_core.package_identification:_identify(src/robot/odometry_spoof) by extension 'colcon_pkg'
[1.434s] Level 1:colcon.colcon_core.package_identification:_identify(src/robot/odometry_spoof) by extensions ['colcon_meta']
[1.434s] Level 1:colcon.colcon_core.package_identification:_identify(src/robot/odometry_spoof) by extension 'colcon_meta'
[1.434s] Level 1:colcon.colcon_core.package_identification:_identify(src/robot/odometry_spoof) by extensions ['ros']
[1.434s] Level 1:colcon.colcon_core.package_identification:_identify(src/robot/odometry_spoof) by extension 'ros'
[1.436s] DEBUG:colcon.colcon_core.package_identification:Package 'src/robot/odometry_spoof' with type 'ros.ament_cmake' and name 'odometry_spoof'
[1.436s] Level 1:colcon.colcon_core.package_identification:_identify(src/robot/planner) by extensions ['ignore', 'ignore_ament_install']
[1.436s] Level 1:colcon.colcon_core.package_identification:_identify(src/robot/planner) by extension 'ignore'
[1.437s] Level 1:colcon.colcon_core.package_identification:_identify(src/robot/planner) by extension 'ignore_ament_install'
[1.437s] Level 1:colcon.colcon_core.package_identification:_identify(src/robot/planner) by extensions ['colcon_pkg']
[1.437s] Level 1:colcon.colcon_core.package_identification:_identify(src/robot/planner) by extension 'colcon_pkg'
[1.437s] Level 1:colcon.colcon_core.package_identification:_identify(src/robot/planner) by extensions ['colcon_meta']
[1.437s] Level 1:colcon.colcon_core.package_identification:_identify(src/robot/planner) by extension 'colcon_meta'
[1.437s] Level 1:colcon.colcon_core.package_identification:_identify(src/robot/planner) by extensions ['ros']
[1.437s] Level 1:colcon.colcon_core.package_identification:_identify(src/robot/planner) by extension 'ros'
[1.438s] DEBUG:colcon.colcon_core.package_identification:Package 'src/robot/planner' with type 'ros.ament_cmake' and name 'planner'
[1.438s] Level 1:colcon.colcon_core.package_identification:_identify(src/samples) by extensions ['ignore', 'ignore_ament_install']
[1.438s] Level 1:colcon.colcon_core.package_identification:_identify(src/samples) by extension 'ignore'
[1.438s] Level 1:colcon.colcon_core.package_identification:_identify(src/samples) by extension 'ignore_ament_install'
[1.439s] Level 1:colcon.colcon_core.package_identification:_identify(src/samples) by extensions ['colcon_pkg']
[1.439s] Level 1:colcon.colcon_core.package_identification:_identify(src/samples) by extension 'colcon_pkg'
[1.439s] Level 1:colcon.colcon_core.package_identification:_identify(src/samples) by extensions ['colcon_meta']
[1.439s] Level 1:colcon.colcon_core.package_identification:_identify(src/samples) by extension 'colcon_meta'
[1.439s] Level 1:colcon.colcon_core.package_identification:_identify(src/samples) by extensions ['ros']
[1.439s] Level 1:colcon.colcon_core.package_identification:_identify(src/samples) by extension 'ros'
[1.439s] Level 1:colcon.colcon_core.package_identification:_identify(src/samples) by extensions ['cmake', 'python']
[1.439s] Level 1:colcon.colcon_core.package_identification:_identify(src/samples) by extension 'cmake'
[1.439s] Level 1:colcon.colcon_core.package_identification:_identify(src/samples) by extension 'python'
[1.439s] Level 1:colcon.colcon_core.package_identification:_identify(src/samples) by extensions ['python_setup_py']
[1.439s] Level 1:colcon.colcon_core.package_identification:_identify(src/samples) by extension 'python_setup_py'
[1.439s] Level 1:colcon.colcon_core.package_identification:_identify(src/samples/cpp) by extensions ['ignore', 'ignore_ament_install']
[1.440s] Level 1:colcon.colcon_core.package_identification:_identify(src/samples/cpp) by extension 'ignore'
[1.440s] Level 1:colcon.colcon_core.package_identification:_identify(src/samples/cpp) by extension 'ignore_ament_install'
[1.440s] Level 1:colcon.colcon_core.package_identification:_identify(src/samples/cpp) by extensions ['colcon_pkg']
[1.440s] Level 1:colcon.colcon_core.package_identification:_identify(src/samples/cpp) by extension 'colcon_pkg'
[1.440s] Level 1:colcon.colcon_core.package_identification:_identify(src/samples/cpp) by extensions ['colcon_meta']
[1.440s] Level 1:colcon.colcon_core.package_identification:_identify(src/samples/cpp) by extension 'colcon_meta'
[1.440s] Level 1:colcon.colcon_core.package_identification:_identify(src/samples/cpp) by extensions ['ros']
[1.440s] Level 1:colcon.colcon_core.package_identification:_identify(src/samples/cpp) by extension 'ros'
[1.440s] Level 1:colcon.colcon_core.package_identification:_identify(src/samples/cpp) by extensions ['cmake', 'python']
[1.440s] Level 1:colcon.colcon_core.package_identification:_identify(src/samples/cpp) by extension 'cmake'
[1.440s] Level 1:colcon.colcon_core.package_identification:_identify(src/samples/cpp) by extension 'python'
[1.441s] Level 1:colcon.colcon_core.package_identification:_identify(src/samples/cpp) by extensions ['python_setup_py']
[1.441s] Level 1:colcon.colcon_core.package_identification:_identify(src/samples/cpp) by extension 'python_setup_py'
[1.441s] Level 1:colcon.colcon_core.package_identification:_identify(src/samples/cpp/aggregator) by extensions ['ignore', 'ignore_ament_install']
[1.441s] Level 1:colcon.colcon_core.package_identification:_identify(src/samples/cpp/aggregator) by extension 'ignore'
[1.441s] Level 1:colcon.colcon_core.package_identification:_identify(src/samples/cpp/aggregator) by extension 'ignore_ament_install'
[1.441s] Level 1:colcon.colcon_core.package_identification:_identify(src/samples/cpp/aggregator) by extensions ['colcon_pkg']
[1.441s] Level 1:colcon.colcon_core.package_identification:_identify(src/samples/cpp/aggregator) by extension 'colcon_pkg'
[1.442s] Level 1:colcon.colcon_core.package_identification:_identify(src/samples/cpp/aggregator) by extensions ['colcon_meta']
[1.442s] Level 1:colcon.colcon_core.package_identification:_identify(src/samples/cpp/aggregator) by extension 'colcon_meta'
[1.442s] Level 1:colcon.colcon_core.package_identification:_identify(src/samples/cpp/aggregator) by extensions ['ros']
[1.442s] Level 1:colcon.colcon_core.package_identification:_identify(src/samples/cpp/aggregator) by extension 'ros'
[1.443s] DEBUG:colcon.colcon_core.package_identification:Package 'src/samples/cpp/aggregator' with type 'ros.ament_cmake' and name 'aggregator'
[1.443s] Level 1:colcon.colcon_core.package_identification:_identify(src/samples/cpp/producer) by extensions ['ignore', 'ignore_ament_install']
[1.443s] Level 1:colcon.colcon_core.package_identification:_identify(src/samples/cpp/producer) by extension 'ignore'
[1.443s] Level 1:colcon.colcon_core.package_identification:_identify(src/samples/cpp/producer) by extension 'ignore_ament_install'
[1.444s] Level 1:colcon.colcon_core.package_identification:_identify(src/samples/cpp/producer) by extensions ['colcon_pkg']
[1.444s] Level 1:colcon.colcon_core.package_identification:_identify(src/samples/cpp/producer) by extension 'colcon_pkg'
[1.444s] Level 1:colcon.colcon_core.package_identification:_identify(src/samples/cpp/producer) by extensions ['colcon_meta']
[1.444s] Level 1:colcon.colcon_core.package_identification:_identify(src/samples/cpp/producer) by extension 'colcon_meta'
[1.444s] Level 1:colcon.colcon_core.package_identification:_identify(src/samples/cpp/producer) by extensions ['ros']
[1.444s] Level 1:colcon.colcon_core.package_identification:_identify(src/samples/cpp/producer) by extension 'ros'
[1.445s] DEBUG:colcon.colcon_core.package_identification:Package 'src/samples/cpp/producer' with type 'ros.ament_cmake' and name 'producer'
[1.445s] Level 1:colcon.colcon_core.package_identification:_identify(src/samples/cpp/transformer) by extensions ['ignore', 'ignore_ament_install']
[1.446s] Level 1:colcon.colcon_core.package_identification:_identify(src/samples/cpp/transformer) by extension 'ignore'
[1.446s] Level 1:colcon.colcon_core.package_identification:_identify(src/samples/cpp/transformer) by extension 'ignore_ament_install'
[1.446s] Level 1:colcon.colcon_core.package_identification:_identify(src/samples/cpp/transformer) by extensions ['colcon_pkg']
[1.447s] Level 1:colcon.colcon_core.package_identification:_identify(src/samples/cpp/transformer) by extension 'colcon_pkg'
[1.447s] Level 1:colcon.colcon_core.package_identification:_identify(src/samples/cpp/transformer) by extensions ['colcon_meta']
[1.447s] Level 1:colcon.colcon_core.package_identification:_identify(src/samples/cpp/transformer) by extension 'colcon_meta'
[1.447s] Level 1:colcon.colcon_core.package_identification:_identify(src/samples/cpp/transformer) by extensions ['ros']
[1.447s] Level 1:colcon.colcon_core.package_identification:_identify(src/samples/cpp/transformer) by extension 'ros'
[1.448s] DEBUG:colcon.colcon_core.package_identification:Package 'src/samples/cpp/transformer' with type 'ros.ament_cmake' and name 'transformer'
[1.449s] Level 1:colcon.colcon_core.package_identification:_identify(src/samples/python) by extensions ['ignore', 'ignore_ament_install']
[1.449s] Level 1:colcon.colcon_core.package_identification:_identify(src/samples/python) by extension 'ignore'
[1.449s] Level 1:colcon.colcon_core.package_identification:_identify(src/samples/python) by extension 'ignore_ament_install'
[1.449s] Level 1:colcon.colcon_core.package_identification:_identify(src/samples/python) by extensions ['colcon_pkg']
[1.450s] Level 1:colcon.colcon_core.package_identification:_identify(src/samples/python) by extension 'colcon_pkg'
[1.450s] Level 1:colcon.colcon_core.package_identification:_identify(src/samples/python) by extensions ['colcon_meta']
[1.450s] Level 1:colcon.colcon_core.package_identification:_identify(src/samples/python) by extension 'colcon_meta'
[1.450s] Level 1:colcon.colcon_core.package_identification:_identify(src/samples/python) by extensions ['ros']
[1.450s] Level 1:colcon.colcon_core.package_identification:_identify(src/samples/python) by extension 'ros'
[1.450s] Level 1:colcon.colcon_core.package_identification:_identify(src/samples/python) by extensions ['cmake', 'python']
[1.450s] Level 1:colcon.colcon_core.package_identification:_identify(src/samples/python) by extension 'cmake'
[1.450s] Level 1:colcon.colcon_core.package_identification:_identify(src/samples/python) by extension 'python'
[1.451s] Level 1:colcon.colcon_core.package_identification:_identify(src/samples/python) by extensions ['python_setup_py']
[1.451s] Level 1:colcon.colcon_core.package_identification:_identify(src/samples/python) by extension 'python_setup_py'
[1.451s] Level 1:colcon.colcon_core.package_identification:_identify(src/samples/python/aggregator) by extensions ['ignore', 'ignore_ament_install']
[1.451s] Level 1:colcon.colcon_core.package_identification:_identify(src/samples/python/aggregator) by extension 'ignore'
[1.451s] Level 1:colcon.colcon_core.package_identification:_identify(src/samples/python/aggregator) by extension 'ignore_ament_install'
[1.452s] Level 1:colcon.colcon_core.package_identification:_identify(src/samples/python/aggregator) by extensions ['colcon_pkg']
[1.452s] Level 1:colcon.colcon_core.package_identification:_identify(src/samples/python/aggregator) by extension 'colcon_pkg'
[1.452s] Level 1:colcon.colcon_core.package_identification:_identify(src/samples/python/aggregator) by extensions ['colcon_meta']
[1.452s] Level 1:colcon.colcon_core.package_identification:_identify(src/samples/python/aggregator) by extension 'colcon_meta'
[1.452s] Level 1:colcon.colcon_core.package_identification:_identify(src/samples/python/aggregator) by extensions ['ros']
[1.452s] Level 1:colcon.colcon_core.package_identification:_identify(src/samples/python/aggregator) by extension 'ros'
[1.453s] DEBUG:colcon.colcon_core.package_identification:Package 'src/samples/python/aggregator' with type 'ros.ament_python' and name 'aggregator'
[1.453s] Level 1:colcon.colcon_core.package_identification:_identify(src/samples/python/producer) by extensions ['ignore', 'ignore_ament_install']
[1.453s] Level 1:colcon.colcon_core.package_identification:_identify(src/samples/python/producer) by extension 'ignore'
[1.454s] Level 1:colcon.colcon_core.package_identification:_identify(src/samples/python/producer) by extension 'ignore_ament_install'
[1.454s] Level 1:colcon.colcon_core.package_identification:_identify(src/samples/python/producer) by extensions ['colcon_pkg']
[1.454s] Level 1:colcon.colcon_core.package_identification:_identify(src/samples/python/producer) by extension 'colcon_pkg'
[1.454s] Level 1:colcon.colcon_core.package_identification:_identify(src/samples/python/producer) by extensions ['colcon_meta']
[1.454s] Level 1:colcon.colcon_core.package_identification:_identify(src/samples/python/producer) by extension 'colcon_meta'
[1.454s] Level 1:colcon.colcon_core.package_identification:_identify(src/samples/python/producer) by extensions ['ros']
[1.454s] Level 1:colcon.colcon_core.package_identification:_identify(src/samples/python/producer) by extension 'ros'
[1.455s] DEBUG:colcon.colcon_core.package_identification:Package 'src/samples/python/producer' with type 'ros.ament_python' and name 'producer'
[1.456s] Level 1:colcon.colcon_core.package_identification:_identify(src/samples/python/transformer) by extensions ['ignore', 'ignore_ament_install']
[1.456s] Level 1:colcon.colcon_core.package_identification:_identify(src/samples/python/transformer) by extension 'ignore'
[1.457s] Level 1:colcon.colcon_core.package_identification:_identify(src/samples/python/transformer) by extension 'ignore_ament_install'
[1.457s] Level 1:colcon.colcon_core.package_identification:_identify(src/samples/python/transformer) by extensions ['colcon_pkg']
[1.457s] Level 1:colcon.colcon_core.package_identification:_identify(src/samples/python/transformer) by extension 'colcon_pkg'
[1.457s] Level 1:colcon.colcon_core.package_identification:_identify(src/samples/python/transformer) by extensions ['colcon_meta']
[1.457s] Level 1:colcon.colcon_core.package_identification:_identify(src/samples/python/transformer) by extension 'colcon_meta'
[1.457s] Level 1:colcon.colcon_core.package_identification:_identify(src/samples/python/transformer) by extensions ['ros']
[1.457s] Level 1:colcon.colcon_core.package_identification:_identify(src/samples/python/transformer) by extension 'ros'
[1.458s] DEBUG:colcon.colcon_core.package_identification:Package 'src/samples/python/transformer' with type 'ros.ament_python' and name 'transformer'
[1.459s] Level 1:colcon.colcon_core.package_identification:_identify(src/samples/sample_msgs) by extensions ['ignore', 'ignore_ament_install']
[1.459s] Level 1:colcon.colcon_core.package_identification:_identify(src/samples/sample_msgs) by extension 'ignore'
[1.459s] Level 1:colcon.colcon_core.package_identification:_identify(src/samples/sample_msgs) by extension 'ignore_ament_install'
[1.459s] Level 1:colcon.colcon_core.package_identification:_identify(src/samples/sample_msgs) by extensions ['colcon_pkg']
[1.459s] Level 1:colcon.colcon_core.package_identification:_identify(src/samples/sample_msgs) by extension 'colcon_pkg'
[1.459s] Level 1:colcon.colcon_core.package_identification:_identify(src/samples/sample_msgs) by extensions ['colcon_meta']
[1.459s] Level 1:colcon.colcon_core.package_identification:_identify(src/samples/sample_msgs) by extension 'colcon_meta'
[1.459s] Level 1:colcon.colcon_core.package_identification:_identify(src/samples/sample_msgs) by extensions ['ros']
[1.459s] Level 1:colcon.colcon_core.package_identification:_identify(src/samples/sample_msgs) by extension 'ros'
[1.460s] DEBUG:colcon.colcon_core.package_identification:Package 'src/samples/sample_msgs' with type 'ros.ament_cmake' and name 'sample_msgs'
[1.460s] Level 1:colcon.colcon_core.package_identification:_identify(src/wato_msgs) by extensions ['ignore', 'ignore_ament_install']
[1.461s] Level 1:colcon.colcon_core.package_identification:_identify(src/wato_msgs) by extension 'ignore'
[1.461s] Level 1:colcon.colcon_core.package_identification:_identify(src/wato_msgs) by extension 'ignore_ament_install'
[1.461s] Level 1:colcon.colcon_core.package_identification:_identify(src/wato_msgs) by extensions ['colcon_pkg']
[1.461s] Level 1:colcon.colcon_core.package_identification:_identify(src/wato_msgs) by extension 'colcon_pkg'
[1.461s] Level 1:colcon.colcon_core.package_identification:_identify(src/wato_msgs) by extensions ['colcon_meta']
[1.461s] Level 1:colcon.colcon_core.package_identification:_identify(src/wato_msgs) by extension 'colcon_meta'
[1.461s] Level 1:colcon.colcon_core.package_identification:_identify(src/wato_msgs) by extensions ['ros']
[1.461s] Level 1:colcon.colcon_core.package_identification:_identify(src/wato_msgs) by extension 'ros'
[1.461s] Level 1:colcon.colcon_core.package_identification:_identify(src/wato_msgs) by extensions ['cmake', 'python']
[1.461s] Level 1:colcon.colcon_core.package_identification:_identify(src/wato_msgs) by extension 'cmake'
[1.461s] Level 1:colcon.colcon_core.package_identification:_identify(src/wato_msgs) by extension 'python'
[1.461s] Level 1:colcon.colcon_core.package_identification:_identify(src/wato_msgs) by extensions ['python_setup_py']
[1.462s] Level 1:colcon.colcon_core.package_identification:_identify(src/wato_msgs) by extension 'python_setup_py'
[1.462s] Level 1:colcon.colcon_core.package_identification:_identify(src/wato_msgs/sample_msgs) by extensions ['ignore', 'ignore_ament_install']
[1.462s] Level 1:colcon.colcon_core.package_identification:_identify(src/wato_msgs/sample_msgs) by extension 'ignore'
[1.462s] Level 1:colcon.colcon_core.package_identification:_identify(src/wato_msgs/sample_msgs) by extension 'ignore_ament_install'
[1.463s] Level 1:colcon.colcon_core.package_identification:_identify(src/wato_msgs/sample_msgs) by extensions ['colcon_pkg']
[1.463s] Level 1:colcon.colcon_core.package_identification:_identify(src/wato_msgs/sample_msgs) by extension 'colcon_pkg'
[1.463s] Level 1:colcon.colcon_core.package_identification:_identify(src/wato_msgs/sample_msgs) by extensions ['colcon_meta']
[1.463s] Level 1:colcon.colcon_core.package_identification:_identify(src/wato_msgs/sample_msgs) by extension 'colcon_meta'
[1.463s] Level 1:colcon.colcon_core.package_identification:_identify(src/wato_msgs/sample_msgs) by extensions ['ros']
[1.463s] Level 1:colcon.colcon_core.package_identification:_identify(src/wato_msgs/sample_msgs) by extension 'ros'
[1.464s] DEBUG:colcon.colcon_core.package_identification:Package 'src/wato_msgs/sample_msgs' with type 'ros.ament_cmake' and name 'sample_msgs'
[1.464s] Level 1:colcon.colcon_core.package_identification:_identify(watod_scripts) by extensions ['ignore', 'ignore_ament_install']
[1.464s] Level 1:colcon.colcon_core.package_identification:_identify(watod_scripts) by extension 'ignore'
[1.464s] Level 1:colcon.colcon_core.package_identification:_identify(watod_scripts) by extension 'ignore_ament_install'
[1.464s] Level 1:colcon.colcon_core.package_identification:_identify(watod_scripts) by extensions ['colcon_pkg']
[1.464s] Level 1:colcon.colcon_core.package_identification:_identify(watod_scripts) by extension 'colcon_pkg'
[1.465s] Level 1:colcon.colcon_core.package_identification:_identify(watod_scripts) by extensions ['colcon_meta']
[1.465s] Level 1:colcon.colcon_core.package_identification:_identify(watod_scripts) by extension 'colcon_meta'
[1.465s] Level 1:colcon.colcon_core.package_identification:_identify(watod_scripts) by extensions ['ros']
[1.465s] Level 1:colcon.colcon_core.package_identification:_identify(watod_scripts) by extension 'ros'
[1.465s] Level 1:colcon.colcon_core.package_identification:_identify(watod_scripts) by extensions ['cmake', 'python']
[1.465s] Level 1:colcon.colcon_core.package_identification:_identify(watod_scripts) by extension 'cmake'
[1.465s] Level 1:colcon.colcon_core.package_identification:_identify(watod_scripts) by extension 'python'
[1.465s] Level 1:colcon.colcon_core.package_identification:_identify(watod_scripts) by extensions ['python_setup_py']
[1.465s] Level 1:colcon.colcon_core.package_identification:_identify(watod_scripts) by extension 'python_setup_py'
[1.465s] Level 1:colcon.colcon_core.package_discovery:discover_packages(recursive) using defaults
[1.465s] Level 1:colcon.colcon_core.package_discovery:discover_packages(ignore) discover
[1.465s] Level 1:colcon.colcon_core.package_discovery:discover_packages(ignore) using defaults
[1.465s] Level 1:colcon.colcon_core.package_discovery:discover_packages(path) discover
[1.466s] Level 1:colcon.colcon_core.package_discovery:discover_packages(path) using defaults
[1.544s] ERROR:colcon:colcon build: Duplicate package names not supported:
- aggregator:
  - src/samples/cpp/aggregator
  - src/samples/python/aggregator
- producer:
  - src/samples/cpp/producer
  - src/samples/python/producer
- sample_msgs:
  - src/samples/sample_msgs
  - src/wato_msgs/sample_msgs
- transformer:
  - src/samples/cpp/transformer
  - src/samples/python/transformer
