[0.000000] (-) TimerEvent: {}
[0.000804] (-) JobUnselected: {'identifier': 'aggregator'}
[0.000939] (-) JobUnselected: {'identifier': 'aggregator'}
[0.001017] (-) JobUnselected: {'identifier': 'bringup_robot'}
[0.001092] (-) JobUnselected: {'identifier': 'control'}
[0.001166] (-) JobUnselected: {'identifier': 'gazebo'}
[0.001234] (-) JobUnselected: {'identifier': 'map_memory'}
[0.001302] (-) JobUnselected: {'identifier': 'odometry_spoof'}
[0.001371] (-) JobUnselected: {'identifier': 'planner'}
[0.001396] (-) JobUnselected: {'identifier': 'producer'}
[0.001460] (-) JobUnselected: {'identifier': 'producer'}
[0.001578] (-) JobUnselected: {'identifier': 'sample_msgs'}
[0.001603] (-) JobUnselected: {'identifier': 'sample_msgs'}
[0.001623] (-) JobUnselected: {'identifier': 'transformer'}
[0.001640] (-) JobUnselected: {'identifier': 'transformer'}
[0.001664] (costmap) JobQueued: {'identifier': 'costmap', 'dependencies': OrderedDict()}
[0.002567] (costmap) JobStarted: {'identifier': 'costmap'}
[0.053813] (costmap) JobProgress: {'identifier': 'costmap', 'progress': 'cmake'}
[0.056563] (costmap) StderrLine: {'line': b'Traceback (most recent call last):\n  File "/usr/lib/python3/dist-packages/colcon_core/executor/__init__.py", line 91, in __call__\n    rc = await self.task(*args, **kwargs)\n         ^^^^^^^^^^^^^^^^^^^^^^^^^^^^^^^^\n  File "/usr/lib/python3/dist-packages/colcon_core/task/__init__.py", line 93, in __call__\n    return await task_method(*args, **kwargs)\n           ^^^^^^^^^^^^^^^^^^^^^^^^^^^^^^^^^^\n  File "/usr/lib/python3/dist-packages/colcon_ros/task/ament_cmake/build.py", line 59, in build\n    rc = await extension.build(\n         ^^^^^^^^^^^^^^^^^^^^^^\n  File "/usr/lib/python3/dist-packages/colcon_cmake/task/cmake/build.py", line 87, in build\n    rc = await self._reconfigure(args, env)\n         ^^^^^^^^^^^^^^^^^^^^^^^^^^^^^^^^^^\n  File "/usr/lib/python3/dist-packages/colcon_cmake/task/cmake/build.py", line 173, in _reconfigure\n    raise RuntimeError("Could not find \'cmake\' executable")\nRuntimeError: Could not find \'cmake\' executable\n'}
[0.058011] (costmap) JobEnded: {'identifier': 'costmap', 'rc': 1}
[0.068345] (-) EventReactorShutdown: {}
